<?xml version="1.0" encoding="UTF-8"?>
<testng-results ignored="0" total="2" passed="2" failed="0" skipped="0">
  <reporter-output>
  </reporter-output>
  <suite started-at="2024-09-05T13:22:07 IST" name="Default suite" finished-at="2024-09-05T13:22:48 IST" duration-ms="41424">
    <groups>
    </groups>
    <test started-at="2024-09-05T13:22:07 IST" name="Default test" finished-at="2024-09-05T13:22:48 IST" duration-ms="41424">
      <class name="com.HRM.tests.HRMAdminPageTest">
        <test-method is-config="true" signature="reportGen()[pri:0, instance:com.HRM.tests.HRMAdminPageTest@4116aac9]" started-at="2024-09-05T13:22:06 IST" name="reportGen" finished-at="2024-09-05T13:22:07 IST" duration-ms="468" status="PASS">
          <reporter-output>
          </reporter-output>
        </test-method> <!-- reportGen -->
        <test-method is-config="true" signature="browserSetup()[pri:0, instance:com.HRM.tests.HRMAdminPageTest@4116aac9]" started-at="2024-09-05T13:22:07 IST" name="browserSetup" finished-at="2024-09-05T13:22:29 IST" duration-ms="22124" status="PASS">
          <reporter-output>
          </reporter-output>
        </test-method> <!-- browserSetup -->
        <test-method is-config="true" signature="pageSetup()[pri:0, instance:com.HRM.tests.HRMAdminPageTest@4116aac9]" started-at="2024-09-05T13:22:29 IST" name="pageSetup" finished-at="2024-09-05T13:22:37 IST" duration-ms="8055" status="PASS">
          <reporter-output>
          </reporter-output>
        </test-method> <!-- pageSetup -->
        <test-method signature="verifyDefault()[pri:1, instance:com.HRM.tests.HRMAdminPageTest@4116aac9]" started-at="2024-09-05T13:22:37 IST" name="verifyDefault" finished-at="2024-09-05T13:22:43 IST" duration-ms="5614" status="PASS">
          <reporter-output>
          </reporter-output>
        </test-method> <!-- verifyDefault -->
        <test-method signature="verifyAdminrecords()[pri:2, instance:com.HRM.tests.HRMAdminPageTest@4116aac9]" started-at="2024-09-05T13:22:43 IST" name="verifyAdminrecords" finished-at="2024-09-05T13:22:48 IST" duration-ms="5576" status="PASS">
          <reporter-output>
          </reporter-output>
        </test-method> <!-- verifyAdminrecords -->
        <test-method is-config="true" signature="tearDown()[pri:0, instance:com.HRM.tests.HRMAdminPageTest@4116aac9]" started-at="2024-09-05T13:22:48 IST" name="tearDown" finished-at="2024-09-05T13:22:55 IST" duration-ms="6498" status="PASS">
          <reporter-output>
          </reporter-output>
        </test-method> <!-- tearDown -->
      </class> <!-- com.HRM.tests.HRMAdminPageTest -->
    </test> <!-- Default test -->
  </suite> <!-- Default suite -->
</testng-results>
